# JRE version: OpenJDK Runtime Environment (8.0_191-b12) (build 1.8.0_191-8u191-b12-2ubuntu0.18.04.1-b12)
# Java VM: OpenJDK 64-Bit Server VM (25.191-b12 mixed mode linux-amd64 compressed oops)
Heap:
 PSYoungGen      total 585216K, used 0K [0x00000000d5580000, 0x0000000100000000, 0x0000000100000000)
  eden space 472576K, 0% used [0x00000000d5580000,0x00000000d5580000,0x00000000f2300000)
  from space 112640K, 0% used [0x00000000f9200000,0x00000000f9200000,0x0000000100000000)
  to   space 113152K, 0% used [0x00000000f2300000,0x00000000f2300000,0x00000000f9180000)
 ParOldGen       total 349696K, used 245580K [0x0000000080000000, 0x0000000095580000, 0x00000000d5580000)
  object space 349696K, 70% used [0x0000000080000000,0x000000008efd3388,0x0000000095580000)
 Metaspace       used 96671K, capacity 98630K, committed 99300K, reserved 1134592K
  class space    used 13566K, capacity 13996K, committed 14156K, reserved 1048576K
GC Heap History (10 events):
Event: 38,620 GC heap after
Heap after GC invocations=15 (full 3):
 PSYoungGen      total 622080K, used 55282K [0x00000000d5580000, 0x0000000100000000, 0x0000000100000000)
  eden space 560640K, 0% used [0x00000000d5580000,0x00000000d5580000,0x00000000f7900000)
  from space 61440K, 89% used [0x00000000fc400000,0x00000000ff9fcb50,0x0000000100000000)
  to   space 69120K, 0% used [0x00000000f7900000,0x00000000f7900000,0x00000000fbc80000)
 ParOldGen       total 349696K, used 89625K [0x0000000080000000, 0x0000000095580000, 0x00000000d5580000)
  object space 349696K, 25% used [0x0000000080000000,0x00000000857866e0,0x0000000095580000)
 Metaspace       used 90671K, capacity 92146K, committed 92452K, reserved 1128448K
  class space    used 12915K, capacity 13261K, committed 13388K, reserved 1048576K
}
Event: 42,876 GC heap before
{Heap before GC invocations=16 (full 3):
 PSYoungGen      total 622080K, used 615922K [0x00000000d5580000, 0x0000000100000000, 0x0000000100000000)
  eden space 560640K, 100% used [0x00000000d5580000,0x00000000f7900000,0x00000000f7900000)
  from space 61440K, 89% used [0x00000000fc400000,0x00000000ff9fcb50,0x0000000100000000)
  to   space 69120K, 0% used [0x00000000f7900000,0x00000000f7900000,0x00000000fbc80000)
 ParOldGen       total 349696K, used 89625K [0x0000000080000000, 0x0000000095580000, 0x00000000d5580000)
  object space 349696K, 25% used [0x0000000080000000,0x00000000857866e0,0x0000000095580000)
 Metaspace       used 92284K, capacity 93908K, committed 94116K, reserved 1130496K
  class space    used 13074K, capacity 13440K, committed 13516K, reserved 1048576K
Event: 42,934 GC heap after
Heap after GC invocations=16 (full 3):
 PSYoungGen      total 629760K, used 69099K [0x00000000d5580000, 0x0000000100000000, 0x0000000100000000)
  eden space 560640K, 0% used [0x00000000d5580000,0x00000000d5580000,0x00000000f7900000)
  from space 69120K, 99% used [0x00000000f7900000,0x00000000fbc7ade0,0x00000000fbc80000)
  to   space 69120K, 0% used [0x00000000fbc80000,0x00000000fbc80000,0x0000000100000000)
 ParOldGen       total 349696K, used 178389K [0x0000000080000000, 0x0000000095580000, 0x00000000d5580000)
  object space 349696K, 51% used [0x0000000080000000,0x000000008ae35430,0x0000000095580000)
 Metaspace       used 92284K, capacity 93908K, committed 94116K, reserved 1130496K
  class space    used 13074K, capacity 13440K, committed 13516K, reserved 1048576K
}
Event: 47,011 GC heap before
{Heap before GC invocations=17 (full 3):
 PSYoungGen      total 629760K, used 629739K [0x00000000d5580000, 0x0000000100000000, 0x0000000100000000)
  eden space 560640K, 100% used [0x00000000d5580000,0x00000000f7900000,0x00000000f7900000)
  from space 69120K, 99% used [0x00000000f7900000,0x00000000fbc7ade0,0x00000000fbc80000)
  to   space 69120K, 0% used [0x00000000fbc80000,0x00000000fbc80000,0x0000000100000000)
 ParOldGen       total 349696K, used 178389K [0x0000000080000000, 0x0000000095580000, 0x00000000d5580000)
  object space 349696K, 51% used [0x0000000080000000,0x000000008ae35430,0x0000000095580000)
 Metaspace       used 93777K, capacity 95696K, committed 95908K, reserved 1132544K
  class space    used 13258K, capacity 13677K, committed 13772K, reserved 1048576K
Event: 47,023 GC heap after
Heap after GC invocations=17 (full 3):
 PSYoungGen      total 542720K, used 59123K [0x00000000d5580000, 0x0000000100000000, 0x0000000100000000)
  eden space 473600K, 0% used [0x00000000d5580000,0x00000000d5580000,0x00000000f2400000)
  from space 69120K, 85% used [0x00000000fbc80000,0x00000000ff63cfd0,0x0000000100000000)
  to   space 112640K, 0% used [0x00000000f2400000,0x00000000f2400000,0x00000000f9200000)
 ParOldGen       total 349696K, used 196377K [0x0000000080000000, 0x0000000095580000, 0x00000000d5580000)
  object space 349696K, 56% used [0x0000000080000000,0x000000008bfc6440,0x0000000095580000)
 Metaspace       used 93777K, capacity 95696K, committed 95908K, reserved 1132544K
  class space    used 13258K, capacity 13677K, committed 13772K, reserved 1048576K
}
Event: 52,490 GC heap before
{Heap before GC invocations=18 (full 3):
 PSYoungGen      total 542720K, used 532723K [0x00000000d5580000, 0x0000000100000000, 0x0000000100000000)
  eden space 473600K, 100% used [0x00000000d5580000,0x00000000f2400000,0x00000000f2400000)
  from space 69120K, 85% used [0x00000000fbc80000,0x00000000ff63cfd0,0x0000000100000000)
  to   space 112640K, 0% used [0x00000000f2400000,0x00000000f2400000,0x00000000f9200000)
 ParOldGen       total 349696K, used 196377K [0x0000000080000000, 0x0000000095580000, 0x00000000d5580000)
  object space 349696K, 56% used [0x0000000080000000,0x000000008bfc6440,0x0000000095580000)
 Metaspace       used 94996K, capacity 97006K, committed 97316K, reserved 1132544K
  class space    used 13376K, capacity 13820K, committed 13900K, reserved 1048576K
Event: 52,498 GC heap after
Heap after GC invocations=18 (full 3):
 PSYoungGen      total 586240K, used 60976K [0x00000000d5580000, 0x0000000100000000, 0x0000000100000000)
  eden space 473600K, 0% used [0x00000000d5580000,0x00000000d5580000,0x00000000f2400000)
  from space 112640K, 54% used [0x00000000f2400000,0x00000000f5f8c320,0x00000000f9200000)
  to   space 112640K, 0% used [0x00000000f9200000,0x00000000f9200000,0x0000000100000000)
 ParOldGen       total 349696K, used 196385K [0x0000000080000000, 0x0000000095580000, 0x00000000d5580000)
  object space 349696K, 56% used [0x0000000080000000,0x000000008bfc8440,0x0000000095580000)
 Metaspace       used 94996K, capacity 97006K, committed 97316K, reserved 1132544K
  class space    used 13376K, capacity 13820K, committed 13900K, reserved 1048576K
}
Event: 55,565 GC heap before
{Heap before GC invocations=19 (full 3):
 PSYoungGen      total 586240K, used 299550K [0x00000000d5580000, 0x0000000100000000, 0x0000000100000000)
  eden space 473600K, 50% used [0x00000000d5580000,0x00000000e3e7b7b8,0x00000000f2400000)
  from space 112640K, 54% used [0x00000000f2400000,0x00000000f5f8c320,0x00000000f9200000)
  to   space 112640K, 0% used [0x00000000f9200000,0x00000000f9200000,0x0000000100000000)
 ParOldGen       total 349696K, used 196385K [0x0000000080000000, 0x0000000095580000, 0x00000000d5580000)
  object space 349696K, 56% used [0x0000000080000000,0x000000008bfc8440,0x0000000095580000)
 Metaspace       used 96983K, capacity 99206K, committed 99300K, reserved 1134592K
  class space    used 13620K, capacity 14098K, committed 14156K, reserved 1048576K
Event: 55,574 GC heap after
Heap after GC invocations=19 (full 3):
 PSYoungGen      total 585216K, used 63758K [0x00000000d5580000, 0x0000000100000000, 0x0000000100000000)
  eden space 472576K, 0% used [0x00000000d5580000,0x00000000d5580000,0x00000000f2300000)
  from space 112640K, 56% used [0x00000000f9200000,0x00000000fd043be0,0x0000000100000000)
  to   space 113152K, 0% used [0x00000000f2300000,0x00000000f2300000,0x00000000f9180000)
 ParOldGen       total 349696K, used 196393K [0x0000000080000000, 0x0000000095580000, 0x00000000d5580000)
  object space 349696K, 56% used [0x0000000080000000,0x000000008bfca440,0x0000000095580000)
 Metaspace       used 96983K, capacity 99206K, committed 99300K, reserved 1134592K
  class space    used 13620K, capacity 14098K, committed 14156K, reserved 1048576K
}
Event: 55,574 GC heap before
{Heap before GC invocations=20 (full 4):
 PSYoungGen      total 585216K, used 63758K [0x00000000d5580000, 0x0000000100000000, 0x0000000100000000)
  eden space 472576K, 0% used [0x00000000d5580000,0x00000000d5580000,0x00000000f2300000)
  from space 112640K, 56% used [0x00000000f9200000,0x00000000fd043be0,0x0000000100000000)
  to   space 113152K, 0% used [0x00000000f2300000,0x00000000f2300000,0x00000000f9180000)
 ParOldGen       total 349696K, used 196393K [0x0000000080000000, 0x0000000095580000, 0x00000000d5580000)
  object space 349696K, 56% used [0x0000000080000000,0x000000008bfca440,0x0000000095580000)
 Metaspace       used 96983K, capacity 99206K, committed 99300K, reserved 1134592K
  class space    used 13620K, capacity 14098K, committed 14156K, reserved 1048576K

